#
# There is insufficient memory for the Java Runtime Environment to continue.
# Native memory allocation (malloc) failed to allocate 1048576 bytes for AllocateHeap
# Possible reasons:
#   The system is out of physical RAM or swap space
#   In 32 bit mode, the process size limit was hit
# Possible solutions:
#   Reduce memory load on the system
#   Increase physical memory or swap space
#   Check if swap backing store is full
#   Use 64 bit Java on a 64 bit OS
#   Decrease Java heap size (-Xmx/-Xms)
#   Decrease number of Java threads
#   Decrease Java thread stack sizes (-Xss)
#   Set larger code cache with -XX:ReservedCodeCacheSize=
# This output file may be truncated or incomplete.
#
#  Out of Memory Error (memory/allocation.inline.hpp:61), pid=49376, tid=0x000000000000cc50
#
# JRE version:  (8.0_121-b13) (build )
# Java VM: Java HotSpot(TM) 64-Bit Server VM (25.121-b13 mixed mode windows-amd64 compressed oops)
# Failed to write core dump. Minidumps are not enabled by default on client versions of Windows
#

---------------  T H R E A D  ---------------

Current thread (0x0000000002917000):  JavaThread "Unknown thread" [_thread_in_vm, id=52304, stack(0x0000000002810000,0x0000000002910000)]

Stack: [0x0000000002810000,0x0000000002910000]
[error occurred during error reporting (printing stack bounds), id 0xc0000005]

Native frames: (J=compiled Java code, j=interpreted, Vv=VM code, C=native code)


---------------  P R O C E S S  ---------------

Java Threads: ( => current thread )

Other Threads:

=>0x0000000002917000 (exited) JavaThread "Unknown thread" [_thread_in_vm, id=52304, stack(0x0000000002810000,0x0000000002910000)]

VM state:not at safepoint (normal execution)

VM Mutex/Monitor currently owned by a thread: None

Heap:
 PSYoungGen      total 75776K, used 1300K [0x000000076bb80000, 0x0000000771000000, 0x00000007c0000000)
  eden space 65024K, 2% used [0x000000076bb80000,0x000000076bcc51f8,0x000000076fb00000)
  from space 10752K, 0% used [0x0000000770580000,0x0000000770580000,0x0000000771000000)
  to   space 10752K, 0% used [0x000000076fb00000,0x000000076fb00000,0x0000000770580000)
 ParOldGen       total 173568K, used 0K [0x00000006c3200000, 0x00000006cdb80000, 0x000000076bb80000)
  object space 173568K, 0% used [0x00000006c3200000,0x00000006c3200000,0x00000006cdb80000)
 Metaspace       used 945K, capacity 4480K, committed 4480K, reserved 1056768K
  class space    used 88K, capacity 384K, committed 384K, reserved 1048576K

Card table byte_map: [0x0000000011f50000,0x0000000012740000] byte_map_base: 0x000000000e937000

Marking Bits: (ParMarkBitMap*) 0x0000000072dcb6d0
 Begin Bits: [0x0000000013690000, 0x00000000175c8000)
 End Bits:   [0x00000000175c8000, 0x000000001b500000)

Polling page: 0x0000000000670000

CodeCache: size=245760Kb used=328Kb max_used=328Kb free=245431Kb
 bounds [0x0000000002b90000, 0x0000000002e00000, 0x0000000011b90000]
 total_blobs=58 nmethods=0 adapters=38
 compilation: enabled

Compilation events (0 events):
No events

GC Heap History (0 events):
No events

Deoptimization events (0 events):
No events

Internal exceptions (0 events):
No events

Events (10 events):
Event: 0.037 loading class java/lang/Short
Event: 0.037 loading class java/lang/Short done
Event: 0.037 loading class java/lang/Integer
Event: 0.037 loading class java/lang/Integer done
Event: 0.037 loading class java/lang/Long
Event: 0.037 loading class java/lang/Long done
Event: 0.038 loading class java/lang/NullPointerException
Event: 0.038 loading class java/lang/NullPointerException done
Event: 0.038 loading class java/lang/ArithmeticException
Event: 0.038 loading class java/lang/ArithmeticException done


Dynamic libraries:
0x00007ff745bd0000 - 0x00007ff745c07000 	D:\Java\jdk1.8\bin\java.exe
0x00007ff892110000 - 0x00007ff892305000 	C:\WINDOWS\SYSTEM32\ntdll.dll
0x00007ff891730000 - 0x00007ff8917ee000 	C:\WINDOWS\System32\KERNEL32.DLL
0x00007ff88f980000 - 0x00007ff88fc48000 	C:\WINDOWS\System32\KERNELBASE.dll
0x00007ff890230000 - 0x00007ff8902dc000 	C:\WINDOWS\System32\ADVAPI32.dll
0x00007ff891690000 - 0x00007ff89172e000 	C:\WINDOWS\System32\msvcrt.dll
0x00007ff8915f0000 - 0x00007ff89168b000 	C:\WINDOWS\System32\sechost.dll
0x00007ff891fa0000 - 0x00007ff8920ca000 	C:\WINDOWS\System32\RPCRT4.dll
0x00007ff8908f0000 - 0x00007ff890a91000 	C:\WINDOWS\System32\USER32.dll
0x00007ff88f950000 - 0x00007ff88f972000 	C:\WINDOWS\System32\win32u.dll
0x00007ff890790000 - 0x00007ff8907bb000 	C:\WINDOWS\System32\GDI32.dll
0x00007ff890040000 - 0x00007ff89014d000 	C:\WINDOWS\System32\gdi32full.dll
0x00007ff88fce0000 - 0x00007ff88fd7d000 	C:\WINDOWS\System32\msvcp_win.dll
0x00007ff88f850000 - 0x00007ff88f950000 	C:\WINDOWS\System32\ucrtbase.dll
0x00007ff8823a0000 - 0x00007ff88263a000 	C:\WINDOWS\WinSxS\amd64_microsoft.windows.common-controls_6595b64144ccf1df_6.0.19041.1110_none_60b5254171f9507e\COMCTL32.dll
0x00007ff890760000 - 0x00007ff890790000 	C:\WINDOWS\System32\IMM32.DLL
0x0000000072490000 - 0x0000000072562000 	D:\Java\jdk1.8\jre\bin\msvcr100.dll
0x00000000725b0000 - 0x0000000072e4b000 	D:\Java\jdk1.8\jre\bin\server\jvm.dll
0x00007ff891550000 - 0x00007ff891558000 	C:\WINDOWS\System32\PSAPI.DLL
0x00007ff886800000 - 0x00007ff886809000 	C:\WINDOWS\SYSTEM32\WSOCK32.dll
0x00007ff8829e0000 - 0x00007ff882a07000 	C:\WINDOWS\SYSTEM32\WINMM.dll
0x00007ff890ce0000 - 0x00007ff890d4b000 	C:\WINDOWS\System32\WS2_32.dll
0x00007ff88b100000 - 0x00007ff88b10a000 	C:\WINDOWS\SYSTEM32\VERSION.dll
0x0000000073970000 - 0x000000007397f000 	D:\Java\jdk1.8\jre\bin\verify.dll
0x0000000073940000 - 0x0000000073969000 	D:\Java\jdk1.8\jre\bin\java.dll
0x0000000072450000 - 0x0000000072485000 	D:\Java\jdk1.8\jre\bin\jdwp.dll
0x0000000072440000 - 0x0000000072448000 	D:\Java\jdk1.8\jre\bin\npt.dll
0x00007ff87a5f0000 - 0x00007ff87a63d000 	C:\Users\pc\.IntelliJIdea2019.2\config\plugins\jr-ide-idea\lib\jrebel6\lib\jrebel64.dll
0x00007ff8917f0000 - 0x00007ff891f34000 	C:\WINDOWS\System32\SHELL32.dll
0x00007ff88f0f0000 - 0x00007ff88f0fc000 	C:\WINDOWS\SYSTEM32\CRYPTBASE.DLL
0x00007ff8907c0000 - 0x00007ff89086d000 	C:\WINDOWS\System32\shcore.dll
0x00007ff890d70000 - 0x00007ff8910c5000 	C:\WINDOWS\System32\combase.dll
0x0000000072410000 - 0x0000000072433000 	D:\Java\jdk1.8\jre\bin\instrument.dll
0x0000000073920000 - 0x0000000073936000 	D:\Java\jdk1.8\jre\bin\zip.dll

VM Arguments:
jvm_args: -agentlib:jdwp=transport=dt_socket,address=127.0.0.1:6825,suspend=y,server=n -Drebel.base=C:\Users\pc\.jrebel -Drebel.env.ide.plugin.version=2021.4.1 -Drebel.env.ide.version=2019.2.4 -Drebel.env.ide.product=IU -Drebel.env.ide=intellij -Drebel.notification.url=http://localhost:13315 -agentpath:C:\Users\pc\.IntelliJIdea2019.2\config\plugins\jr-ide-idea\lib\jrebel6\lib\jrebel64.dll -XX:TieredStopAtLevel=1 -Xverify:none -Dspring.output.ansi.enabled=always -Dcom.sun.management.jmxremote -Dspring.jmx.enabled=true -Dspring.liveBeansView.mbeanDomain -Dspring.application.admin.enabled=true -javaagent:C:\Users\pc\.IntelliJIdea2019.2\system\captureAgent\debugger-agent.jar -Dfile.encoding=UTF-8 
java_command: com.yao.usercenter.UserCenterApplication
java_class_path (initial): D:\Java\jdk1.8\jre\lib\charsets.jar;D:\Java\jdk1.8\jre\lib\deploy.jar;D:\Java\jdk1.8\jre\lib\ext\access-bridge-64.jar;D:\Java\jdk1.8\jre\lib\ext\cldrdata.jar;D:\Java\jdk1.8\jre\lib\ext\dnsns.jar;D:\Java\jdk1.8\jre\lib\ext\jaccess.jar;D:\Java\jdk1.8\jre\lib\ext\jfxrt.jar;D:\Java\jdk1.8\jre\lib\ext\localedata.jar;D:\Java\jdk1.8\jre\lib\ext\nashorn.jar;D:\Java\jdk1.8\jre\lib\ext\sunec.jar;D:\Java\jdk1.8\jre\lib\ext\sunjce_provider.jar;D:\Java\jdk1.8\jre\lib\ext\sunmscapi.jar;D:\Java\jdk1.8\jre\lib\ext\sunpkcs11.jar;D:\Java\jdk1.8\jre\lib\ext\zipfs.jar;D:\Java\jdk1.8\jre\lib\javaws.jar;D:\Java\jdk1.8\jre\lib\jce.jar;D:\Java\jdk1.8\jre\lib\jfr.jar;D:\Java\jdk1.8\jre\lib\jfxswt.jar;D:\Java\jdk1.8\jre\lib\jsse.jar;D:\Java\jdk1.8\jre\lib\management-agent.jar;D:\Java\jdk1.8\jre\lib\plugin.jar;D:\Java\jdk1.8\jre\lib\resources.jar;D:\Java\jdk1.8\jre\lib\rt.jar;D:\IDEA\zookeeperdubbo\user-center\target\classes;D:\IDEA\zookeeperdubbo\common\target\classes;D:\repository\org\springframework\boot\spring-boot-starter-web\2.6.2\spring-boot-starter-web-2.6.2.jar;D:\repository\org\springframework\boot\spring-boot-starter\2.6.2\spring-boot-starter-2.6.2.jar;D:\repository\org\springframework\boot\spring-boot\2.6.2\spring-boot-2.6.2.jar;D:\repository\org\springframework\boot\spring-boot-autoconfigure\2.6.2\spring-boot-autoconfigure-2.6.2.jar;D:\repository\org\springframework\boot\spring-boot-starter-logging\2.6.2\spring-boot-starter-logging-2.6.2.jar;D:\repository\ch\qos\logback\logback-classic\1.2.9\logback-classic-1.2.9.jar;D:\repository\ch\qos\logback\logback-core\1.2.9\logback-core-1.2.9.jar;D:\repository\org\apache\logging\log4j\log4j-to-slf4j\2.17.0\log4j-to-slf4j-2.17.0.jar;D:\repository\org\apache\logging\log4j\log4j-api\2.17.0\log4j-api-2.17.0.jar;D:\repository\org\slf4j\jul-to-slf4j\1.7.32\jul-to-slf4j-1.7.32.jar;D:\repository\jakarta\annotation\jakarta.annotation-api\1.3.5\jakarta.annotation-api-1.3.5.jar;D:\repository\org\yaml\snakeyaml\1.29\snakey
Launcher Type: SUN_STANDARD

Environment Variables:
JAVA_HOME=D:\Java\jdk1.8
PATH=D:\work\python\py\Scripts\;D:\work\python\py\;D:\Program Files\VanDyke Software\Clients\;C:\Program Files (x86)\Common Files\Oracle\Java\javapath;C:\WINDOWS\system32;C:\WINDOWS;C:\WINDOWS\System32\Wbem;C:\WINDOWS\System32\WindowsPowerShell\v1.0\;C:\WINDOWS\System32\OpenSSH\;D:\Java\jdk1.8\bin;D:\work\Databases\MySQL\mysql-8.0.24-winx64\bin;D:\Program Files\erl10.5\bin;D:\RabbitMQ Server\rabbitmq_server-3.8.3\sbin;D:\Program Files\nodejs\;D:\Program Files\Git\cmd;D:\work\Android\SDK\android-sdk_r24.4.1-windows\android-sdk-windows\tools;D:\work\Android\SDK\android-sdk_r24.4.1-windows\android-sdk-windows\platform-tools;D:\work\Android\SDK\android-sdk_r24.4.1-windows\android-sdk-windows\build-tools\29.0.2;D:\work\Android\database\sqlite-tools-win32-x86-3300100\sqlite-tools-win32-x86-3300100;D:\work\maven\apache-maven-3.5.3\bin;D:\Program Files\MongoDB\Server\4.2\bin;D:\Program Files\Dart\dart-sdk\bin;D:\work\Flutter\flutter_windows_1.17.0-stable\flutter\bin;C:\Program Files\dotnet\;C:\Program Files\TortoiseGit\bin;C:\Program Files (x86)\Intel\Intel(R) Management Engine Components\DAL;C:\Program Files\Intel\Intel(R) Management Engine Components\DAL;C:\Users\pc\AppData\Local\Microsoft\WindowsApps;C:\Users\pc\AppData\Roaming\npm;
USERNAME=pc
OS=Windows_NT
PROCESSOR_IDENTIFIER=Intel64 Family 6 Model 158 Stepping 10, GenuineIntel



---------------  S Y S T E M  ---------------

OS: Windows 10.0 , 64 bit Build 19041 (10.0.19041.1348)

CPU:total 12 (6 cores per cpu, 2 threads per core) family 6 model 158 stepping 10, cmov, cx8, fxsr, mmx, sse, sse2, sse3, ssse3, sse4.1, sse4.2, popcnt, avx, avx2, aes, clmul, erms, rtm, 3dnowpref, lzcnt, ht, tsc, tscinvbit, bmi1, bmi2, adx

Memory: 4k page, physical 16568616k(2142960k free), swap 29696548k(5644k free)

vm_info: Java HotSpot(TM) 64-Bit Server VM (25.121-b13) for windows-amd64 JRE (1.8.0_121-b13), built on Dec 12 2016 18:21:36 by "java_re" with MS VC++ 10.0 (VS2010)

time: Fri Dec 24 11:28:16 2021
elapsed time: 0 seconds (0d 0h 0m 0s)

